[debug] [2023-01-06T01:12:19.257Z] ----------------------------------------------------------------------
[debug] [2023-01-06T01:12:19.260Z] Command:       C:\nodejs\node.exe C:\nodejs\node_modules\firebase-tools\lib\bin\firebase.js init
[debug] [2023-01-06T01:12:19.260Z] CLI Version:   11.20.0
[debug] [2023-01-06T01:12:19.260Z] Platform:      win32
[debug] [2023-01-06T01:12:19.260Z] Node Version:  v14.20.0
[debug] [2023-01-06T01:12:19.261Z] Time:          Thu Jan 05 2023 20:12:19 GMT-0500 (Eastern Standard Time)
[debug] [2023-01-06T01:12:19.261Z] ----------------------------------------------------------------------
[debug] 
[debug] [2023-01-06T01:12:19.270Z] > command requires scopes: ["email","openid","https://www.googleapis.com/auth/cloudplatformprojects.readonly","https://www.googleapis.com/auth/firebase","https://www.googleapis.com/auth/cloud-platform"]
[debug] [2023-01-06T01:12:19.270Z] > authorizing via signed-in user (krisbert@krisbert.dev)
[info] 
     ######## #### ########  ######## ########     ###     ######  ########
     ##        ##  ##     ## ##       ##     ##  ##   ##  ##       ##
     ######    ##  ########  ######   ########  #########  ######  ######
     ##        ##  ##    ##  ##       ##     ## ##     ##       ## ##
     ##       #### ##     ## ######## ########  ##     ##  ######  ########

You're about to initialize a Firebase project in this directory:

  C:\Users\Krisb\OneDrive\Documents\Programs\portfolio-revamp

[info] 
=== Project Setup
[info] 
[info] First, let's associate this project directory with a Firebase project.
[info] You can create multiple project aliases by running firebase use --add, 
[info] but for now we'll just set up a default project.
[info] 
[debug] [2023-01-06T01:12:31.788Z] > refreshing access token with scopes: []
[debug] [2023-01-06T01:12:31.791Z] >>> [apiv2][query] POST https://www.googleapis.com/oauth2/v3/token [none]
[debug] [2023-01-06T01:12:31.791Z] >>> [apiv2][body] POST https://www.googleapis.com/oauth2/v3/token [omitted]
[debug] [2023-01-06T01:12:32.192Z] <<< [apiv2][status] POST https://www.googleapis.com/oauth2/v3/token 200
[debug] [2023-01-06T01:12:32.192Z] <<< [apiv2][body] POST https://www.googleapis.com/oauth2/v3/token [omitted]
[debug] [2023-01-06T01:12:32.203Z] >>> [apiv2][query] GET https://firebase.googleapis.com/v1beta1/projects pageSize=100
[debug] [2023-01-06T01:12:32.729Z] <<< [apiv2][status] GET https://firebase.googleapis.com/v1beta1/projects 200
[debug] [2023-01-06T01:12:32.729Z] <<< [apiv2][body] GET https://firebase.googleapis.com/v1beta1/projects [omitted]
